<?xml version="1.0" encoding="UTF-8"?>
<testsuite name="util.CalendarUtilityTest" tests="4" failures="0" errors="0" timestamp="2015-12-21T04:08:19" hostname="hindai-09-PC" time="0.003">
  <properties/>
  <testcase name="testGetImmediateSaturdayOfWeekWhenTodayIsSaturday" classname="util.CalendarUtilityTest" time="0.002"/>
  <testcase name="testGetImmediateSaturdayOfWeekWhenTodayIsFriday" classname="util.CalendarUtilityTest" time="0.0"/>
  <testcase name="testGetImmediateSundayOfWeekWhenTodayIsSunday" classname="util.CalendarUtilityTest" time="0.0"/>
  <testcase name="testGetImmediateSaturdayOfWeekWhenTodayIsSunday" classname="util.CalendarUtilityTest" time="0.001"/>
  <system-out><![CDATA[]]></system-out>
  <system-err><![CDATA[]]></system-err>
</testsuite>
